[2021-11-08T19:50:38.038Z] [org.springframework.test.context.support.AbstractTestContextBootstrapper] [main] [305] [INFO ] Neither @ContextConfiguration nor @ContextHierarchy found for test class [com.garage.garage.GarageApplicationTests], using SpringBootContextLoader
[2021-11-08T19:50:38.038Z] [org.springframework.test.context.support.AbstractContextLoader] [main] [264] [INFO ] Could not detect default resource locations for test class [com.garage.garage.GarageApplicationTests]: no resource found for suffixes {-context.xml, Context.groovy}.
[2021-11-08T19:50:38.038Z] [org.springframework.test.context.support.AnnotationConfigContextLoaderUtils] [main] [83] [INFO ] Could not detect default configuration classes for test class [com.garage.garage.GarageApplicationTests]: GarageApplicationTests does not declare any static, non-private, non-final, nested classes annotated with @Configuration.
[2021-11-08T19:50:38.038Z] [org.springframework.boot.test.context.SpringBootTestContextBootstrapper] [main] [238] [INFO ] Found @SpringBootConfiguration com.garage.garage.GarageApplication for test class com.garage.garage.GarageApplicationTests
[2021-11-08T19:50:38.038Z] [org.springframework.test.context.support.AbstractTestContextBootstrapper] [main] [245] [INFO ] Loaded default TestExecutionListener class names from location [META-INF/spring.factories]: [org.springframework.boot.test.mock.mockito.MockitoTestExecutionListener, org.springframework.boot.test.mock.mockito.ResetMocksTestExecutionListener, org.springframework.boot.test.autoconfigure.restdocs.RestDocsTestExecutionListener, org.springframework.boot.test.autoconfigure.web.client.MockRestServiceServerResetTestExecutionListener, org.springframework.boot.test.autoconfigure.web.servlet.MockMvcPrintOnlyOnFailureTestExecutionListener, org.springframework.boot.test.autoconfigure.web.servlet.WebDriverTestExecutionListener, org.springframework.boot.test.autoconfigure.webservices.client.MockWebServiceServerTestExecutionListener, org.springframework.test.context.web.ServletTestExecutionListener, org.springframework.test.context.support.DirtiesContextBeforeModesTestExecutionListener, org.springframework.test.context.event.ApplicationEventsTestExecutionListener, org.springframework.test.context.support.DependencyInjectionTestExecutionListener, org.springframework.test.context.support.DirtiesContextTestExecutionListener, org.springframework.test.context.transaction.TransactionalTestExecutionListener, org.springframework.test.context.jdbc.SqlScriptsTestExecutionListener, org.springframework.test.context.event.EventPublishingTestExecutionListener]
[2021-11-08T19:50:38.038Z] [org.springframework.test.context.support.AbstractTestContextBootstrapper] [main] [174] [INFO ] Using TestExecutionListeners: [org.springframework.test.context.web.ServletTestExecutionListener@26fb628, org.springframework.test.context.support.DirtiesContextBeforeModesTestExecutionListener@3e2943ab, org.springframework.test.context.event.ApplicationEventsTestExecutionListener@70dd7e15, org.springframework.boot.test.mock.mockito.MockitoTestExecutionListener@4a9f80d3, org.springframework.boot.test.autoconfigure.SpringBootDependencyInjectionTestExecutionListener@35beb15e, org.springframework.test.context.support.DirtiesContextTestExecutionListener@41fe9859, org.springframework.test.context.transaction.TransactionalTestExecutionListener@5ac86ba5, org.springframework.test.context.jdbc.SqlScriptsTestExecutionListener@6c67e137, org.springframework.test.context.event.EventPublishingTestExecutionListener@2c9399a4, org.springframework.boot.test.mock.mockito.ResetMocksTestExecutionListener@191ae03f, org.springframework.boot.test.autoconfigure.restdocs.RestDocsTestExecutionListener@9635fa, org.springframework.boot.test.autoconfigure.web.client.MockRestServiceServerResetTestExecutionListener@53ab0286, org.springframework.boot.test.autoconfigure.web.servlet.MockMvcPrintOnlyOnFailureTestExecutionListener@63c5efee, org.springframework.boot.test.autoconfigure.web.servlet.WebDriverTestExecutionListener@2d10e0b1, org.springframework.boot.test.autoconfigure.webservices.client.MockWebServiceServerTestExecutionListener@1c98290c]
[2021-11-08T19:50:39.039Z] [org.springframework.boot.StartupInfoLogger] [main] [55] [INFO ] Starting GarageApplicationTests using Java 11.0.12 on SMT-LAP-145 with PID 6488 (started by Pratik.Mahabadi in C:\Users\Pratik.Mahabadi\Desktop\App\API\Garage\garageAPIDB)
[2021-11-08T19:50:39.039Z] [org.springframework.boot.SpringApplication] [main] [659] [INFO ] No active profile set, falling back to default profiles: default
[2021-11-08T19:50:39.039Z] [org.hibernate.validator.internal.util.Version] [background-preinit] [21] [INFO ] HV000001: Hibernate Validator 6.2.0.Final
[2021-11-08T19:50:41.041Z] [org.springframework.data.repository.config.RepositoryConfigurationDelegate] [main] [132] [INFO ] Bootstrapping Spring Data JPA repositories in DEFAULT mode.
[2021-11-08T19:50:41.041Z] [org.springframework.data.repository.config.RepositoryConfigurationDelegate] [main] [201] [INFO ] Finished Spring Data repository scanning in 177 ms. Found 2 JPA repository interfaces.
[2021-11-08T19:50:43.043Z] [org.hibernate.jpa.internal.util.LogHelper] [main] [31] [INFO ] HHH000204: Processing PersistenceUnitInfo [name: default]
[2021-11-08T19:50:43.043Z] [org.hibernate.Version] [main] [44] [INFO ] HHH000412: Hibernate ORM core version 5.4.32.Final
[2021-11-08T19:50:43.043Z] [org.hibernate.annotations.common.reflection.java.JavaReflectionManager] [main] [56] [INFO ] HCANN000001: Hibernate Commons Annotations {5.1.2.Final}
[2021-11-08T19:50:47.047Z] [com.zaxxer.hikari.HikariDataSource] [main] [110] [INFO ] HikariPool-1 - Starting...
[2021-11-08T19:50:48.048Z] [com.zaxxer.hikari.HikariDataSource] [main] [123] [INFO ] HikariPool-1 - Start completed.
[2021-11-08T19:50:48.048Z] [org.hibernate.dialect.Dialect] [main] [175] [INFO ] HHH000400: Using dialect: org.hibernate.dialect.MySQL8Dialect
[2021-11-08T19:50:50.050Z] [org.hibernate.engine.transaction.jta.platform.internal.JtaPlatformInitiator] [main] [52] [INFO ] HHH000490: Using JtaPlatform implementation: [org.hibernate.engine.transaction.jta.platform.internal.NoJtaPlatform]
[2021-11-08T19:50:50.050Z] [org.springframework.orm.jpa.AbstractEntityManagerFactoryBean] [main] [437] [INFO ] Initialized JPA EntityManagerFactory for persistence unit 'default'
[2021-11-08T19:50:52.052Z] [org.springframework.boot.autoconfigure.orm.jpa.JpaBaseConfiguration$JpaWebConfiguration] [main] [219] [WARN ] spring.jpa.open-in-view is enabled by default. Therefore, database queries may be performed during view rendering. Explicitly configure spring.jpa.open-in-view to disable this warning
[2021-11-08T19:50:53.053Z] [org.springframework.boot.StartupInfoLogger] [main] [61] [INFO ] Started GarageApplicationTests in 14.833 seconds (JVM running for 18.003)
[2021-11-08T19:50:54.054Z] [org.springframework.orm.jpa.AbstractEntityManagerFactoryBean] [SpringApplicationShutdownHook] [651] [INFO ] Closing JPA EntityManagerFactory for persistence unit 'default'
[2021-11-08T19:50:54.054Z] [com.zaxxer.hikari.HikariDataSource] [SpringApplicationShutdownHook] [350] [INFO ] HikariPool-1 - Shutdown initiated...
[2021-11-08T19:50:54.054Z] [com.zaxxer.hikari.HikariDataSource] [SpringApplicationShutdownHook] [352] [INFO ] HikariPool-1 - Shutdown completed.
[2021-11-08T19:51:29.029Z] [org.springframework.boot.StartupInfoLogger] [main] [55] [INFO ] Starting GarageApplication using Java 11.0.12 on SMT-LAP-145 with PID 12592 (C:\Users\Pratik.Mahabadi\Desktop\App\API\Garage\garageAPIDB\target\classes started by Pratik.Mahabadi in C:\Users\Pratik.Mahabadi\Desktop\App\API\Garage\garageAPIDB)
[2021-11-08T19:51:29.029Z] [org.hibernate.validator.internal.util.Version] [background-preinit] [21] [INFO ] HV000001: Hibernate Validator 6.2.0.Final
[2021-11-08T19:51:29.029Z] [org.springframework.boot.SpringApplication] [main] [659] [INFO ] No active profile set, falling back to default profiles: default
[2021-11-08T19:51:30.030Z] [org.springframework.data.repository.config.RepositoryConfigurationDelegate] [main] [132] [INFO ] Bootstrapping Spring Data JPA repositories in DEFAULT mode.
[2021-11-08T19:51:31.031Z] [org.springframework.data.repository.config.RepositoryConfigurationDelegate] [main] [201] [INFO ] Finished Spring Data repository scanning in 138 ms. Found 2 JPA repository interfaces.
[2021-11-08T19:51:37.037Z] [org.springframework.boot.web.embedded.tomcat.TomcatWebServer] [main] [108] [INFO ] Tomcat initialized with port(s): 8080 (http)
[2021-11-08T19:51:37.037Z] [org.apache.juli.logging.DirectJDKLog] [main] [173] [INFO ] Initializing ProtocolHandler ["http-nio-8080"]
[2021-11-08T19:51:37.037Z] [org.apache.juli.logging.DirectJDKLog] [main] [173] [INFO ] Starting service [Tomcat]
[2021-11-08T19:51:37.037Z] [org.apache.juli.logging.DirectJDKLog] [main] [173] [INFO ] Starting Servlet engine: [Apache Tomcat/9.0.54]
[2021-11-08T19:51:37.037Z] [org.apache.juli.logging.DirectJDKLog] [main] [173] [INFO ] Initializing Spring embedded WebApplicationContext
[2021-11-08T19:51:37.037Z] [org.springframework.boot.web.servlet.context.ServletWebServerApplicationContext] [main] [290] [INFO ] Root WebApplicationContext: initialization completed in 7990 ms
[2021-11-08T19:51:37.037Z] [org.hibernate.jpa.internal.util.LogHelper] [main] [31] [INFO ] HHH000204: Processing PersistenceUnitInfo [name: default]
[2021-11-08T19:51:37.037Z] [org.hibernate.Version] [main] [44] [INFO ] HHH000412: Hibernate ORM core version 5.4.32.Final
[2021-11-08T19:51:38.038Z] [org.hibernate.annotations.common.reflection.java.JavaReflectionManager] [main] [56] [INFO ] HCANN000001: Hibernate Commons Annotations {5.1.2.Final}
[2021-11-08T19:51:38.038Z] [com.zaxxer.hikari.HikariDataSource] [main] [110] [INFO ] HikariPool-1 - Starting...
[2021-11-08T19:51:39.039Z] [com.zaxxer.hikari.HikariDataSource] [main] [123] [INFO ] HikariPool-1 - Start completed.
[2021-11-08T19:51:39.039Z] [org.hibernate.dialect.Dialect] [main] [175] [INFO ] HHH000400: Using dialect: org.hibernate.dialect.MySQL8Dialect
[2021-11-08T19:51:41.041Z] [org.hibernate.engine.transaction.jta.platform.internal.JtaPlatformInitiator] [main] [52] [INFO ] HHH000490: Using JtaPlatform implementation: [org.hibernate.engine.transaction.jta.platform.internal.NoJtaPlatform]
[2021-11-08T19:51:41.041Z] [org.springframework.orm.jpa.AbstractEntityManagerFactoryBean] [main] [437] [INFO ] Initialized JPA EntityManagerFactory for persistence unit 'default'
[2021-11-08T19:51:42.042Z] [org.springframework.boot.autoconfigure.orm.jpa.JpaBaseConfiguration$JpaWebConfiguration] [main] [219] [WARN ] spring.jpa.open-in-view is enabled by default. Therefore, database queries may be performed during view rendering. Explicitly configure spring.jpa.open-in-view to disable this warning
[2021-11-08T19:51:43.043Z] [org.apache.juli.logging.DirectJDKLog] [main] [173] [INFO ] Starting ProtocolHandler ["http-nio-8080"]
[2021-11-08T19:51:43.043Z] [org.springframework.boot.web.embedded.tomcat.TomcatWebServer] [main] [220] [INFO ] Tomcat started on port(s): 8080 (http) with context path ''
[2021-11-08T19:51:43.043Z] [org.springframework.boot.StartupInfoLogger] [main] [61] [INFO ] Started GarageApplication in 14.838 seconds (JVM running for 16.331)
[2021-11-08T19:52:03.003Z] [org.apache.juli.logging.DirectJDKLog] [http-nio-8080-exec-1] [173] [INFO ] Initializing Spring DispatcherServlet 'dispatcherServlet'
[2021-11-08T19:52:03.003Z] [org.springframework.web.servlet.FrameworkServlet] [http-nio-8080-exec-1] [525] [INFO ] Initializing Servlet 'dispatcherServlet'
[2021-11-08T19:52:03.003Z] [org.springframework.web.servlet.FrameworkServlet] [http-nio-8080-exec-1] [547] [INFO ] Completed initialization in 0 ms
[2021-11-08T19:52:03.003Z] [com.garage.garage.controller.MyController] [http-nio-8080-exec-1] [36] [INFO ] Getting Vehicles By 5 ID
